0 info it worked if it ends with ok
1 verbose cli [ '/usr/local/bin/node',
1 verbose cli   '/usr/local/bin/npm',
1 verbose cli   'run',
1 verbose cli   'build-win' ]
2 info using npm@2.15.1
3 info using node@v4.4.4
4 verbose run-script [ 'prebuild-win', 'build-win', 'postbuild-win' ]
5 info prebuild-win WorkGuppy@1.0.0
6 info build-win WorkGuppy@1.0.0
7 verbose unsafe-perm in lifecycle true
8 info WorkGuppy@1.0.0 Failed to exec build-win script
9 verbose stack Error: WorkGuppy@1.0.0 build-win: `electron-packager . $npm_package_productName --out=dist --ignore='^/dist$' --prune --platform=win32  --arch=ia32  --overwrite --version=1.3.2 --icon=assets/images/icon.ico`
9 verbose stack Exit status 1
9 verbose stack     at EventEmitter.<anonymous> (/usr/local/lib/node_modules/npm/lib/utils/lifecycle.js:217:16)
9 verbose stack     at emitTwo (events.js:87:13)
9 verbose stack     at EventEmitter.emit (events.js:172:7)
9 verbose stack     at ChildProcess.<anonymous> (/usr/local/lib/node_modules/npm/lib/utils/spawn.js:24:14)
9 verbose stack     at emitTwo (events.js:87:13)
9 verbose stack     at ChildProcess.emit (events.js:172:7)
9 verbose stack     at maybeClose (internal/child_process.js:827:16)
9 verbose stack     at Process.ChildProcess._handle.onexit (internal/child_process.js:211:5)
10 verbose pkgid WorkGuppy@1.0.0
11 verbose cwd /Users/macintosh/Documents/Farhad/TimeTracker
12 error Darwin 14.5.0
13 error argv "/usr/local/bin/node" "/usr/local/bin/npm" "run" "build-win"
14 error node v4.4.4
15 error npm  v2.15.1
16 error code ELIFECYCLE
17 error WorkGuppy@1.0.0 build-win: `electron-packager . $npm_package_productName --out=dist --ignore='^/dist$' --prune --platform=win32  --arch=ia32  --overwrite --version=1.3.2 --icon=assets/images/icon.ico`
17 error Exit status 1
18 error Failed at the WorkGuppy@1.0.0 build-win script 'electron-packager . $npm_package_productName --out=dist --ignore='^/dist$' --prune --platform=win32  --arch=ia32  --overwrite --version=1.3.2 --icon=assets/images/icon.ico'.
18 error This is most likely a problem with the WorkGuppy package,
18 error not with npm itself.
18 error Tell the author that this fails on your system:
18 error     electron-packager . $npm_package_productName --out=dist --ignore='^/dist$' --prune --platform=win32  --arch=ia32  --overwrite --version=1.3.2 --icon=assets/images/icon.ico
18 error You can get information on how to open an issue for this project with:
18 error     npm bugs WorkGuppy
18 error Or if that isn't available, you can get their info via:
18 error
18 error     npm owner ls WorkGuppy
18 error There is likely additional logging output above.
19 verbose exit [ 1, true ]
